Traceback (most recent call last):
  File "/opt/miniconda3/lib/python3.9/site-packages/jupyter_cache/executors/utils.py", line 58, in single_nb_execution
    executenb(
  File "/opt/miniconda3/lib/python3.9/site-packages/nbclient/client.py", line 1204, in execute
    return NotebookClient(nb=nb, resources=resources, km=km, **kwargs).execute()
  File "/opt/miniconda3/lib/python3.9/site-packages/nbclient/util.py", line 84, in wrapped
    return just_run(coro(*args, **kwargs))
  File "/opt/miniconda3/lib/python3.9/site-packages/nbclient/util.py", line 62, in just_run
    return loop.run_until_complete(coro)
  File "/opt/miniconda3/lib/python3.9/asyncio/base_events.py", line 647, in run_until_complete
    return future.result()
  File "/opt/miniconda3/lib/python3.9/site-packages/nbclient/client.py", line 663, in async_execute
    await self.async_execute_cell(
  File "/opt/miniconda3/lib/python3.9/site-packages/nbclient/client.py", line 965, in async_execute_cell
    await self._check_raise_for_error(cell, cell_index, exec_reply)
  File "/opt/miniconda3/lib/python3.9/site-packages/nbclient/client.py", line 862, in _check_raise_for_error
    raise CellExecutionError.from_cell_and_msg(cell, exec_reply_content)
nbclient.exceptions.CellExecutionError: An error occurred while executing the following cell:
------------------
#--------------------------------------------------------------------------
#  Convolution Demo
#--------------------------------------------------------------------------
from skimage import color
from scipy import ndimage as ndi
from matplotlib import patches

def mean_filter_demo(image, vmax=1):
    mean_factor = 1.0 / 9.0  # This assumes a 3x3 kernel.
    iter_kernel_and_subimage = iter_kernel(image)

    image_cache = []

    def mean_filter_step(i_step):
        while i_step >= len(image_cache):
            filtered = image if i_step == 0 else image_cache[-1][-1][-1]
            filtered = filtered.copy()

            (i, j), mask, subimage = next(iter_kernel_and_subimage)
            filter_overlay = color.label2rgb(mask, image, bg_label=0,
                                             colors=('cyan', 'red'))
            filtered[i, j] = np.sum(mean_factor * subimage)
            image_cache.append(((i, j), (filter_overlay, filtered)))

        (i, j), images = image_cache[i_step]
        fig, axes = plt.subplots(1, len(images), figsize=(10, 5))
        
        for ax, imc in zip(axes, images):
            ax.imshow(imc, vmax=vmax)
            rect = patches.Rectangle([j - 0.5, i - 0.5], 1, 1, color='yellow', fill=False)
            ax.add_patch(rect)
            
        plt.show()
    return mean_filter_step


def mean_filter_interactive_demo(image):
    from ipywidgets import IntSlider, interact
    mean_filter_step = mean_filter_demo(image)
    step_slider = IntSlider(min=0, max=image.size-1, value=0)
    interact(mean_filter_step, i_step=step_slider)


def iter_kernel(image, size=1):
    """ Yield position, kernel mask, and image for each pixel in the image.

    The kernel mask has a 2 at the center pixel and 1 around it. The actual
    width of the kernel is 2*size + 1.
    """
    width = 2*size + 1
    for (i, j), pixel in iter_pixels(image):
        mask = np.zeros(image.shape, dtype='int16')
        mask[i, j] = 1
        mask = ndi.grey_dilation(mask, size=width)
        #mask[i, j] = 2
        subimage = image[bounded_slice((i, j), image.shape[:2], size=size)]
        yield (i, j), mask, subimage


def iter_pixels(image):
    """ Yield pixel position (row, column) and pixel intensity. """
    height, width = image.shape[:2]
    for i in range(height):
        for j in range(width):
            yield (i, j), image[i, j]


def bounded_slice(center, xy_max, size=1, i_min=0):
    slices = []
    for i, i_max in zip(center, xy_max):
        slices.append(slice(max(i - size, i_min), min(i + size + 1, i_max)))
    return tuple(slices)


------------------

[0;31m---------------------------------------------------------------------------[0m
[0;31mModuleNotFoundError[0m                       Traceback (most recent call last)
Cell [0;32mIn[26], line 4[0m
[1;32m      1[0m [38;5;66;03m#--------------------------------------------------------------------------[39;00m
[1;32m      2[0m [38;5;66;03m#  Convolution Demo[39;00m
[1;32m      3[0m [38;5;66;03m#--------------------------------------------------------------------------[39;00m
[0;32m----> 4[0m [38;5;28;01mfrom[39;00m [38;5;21;01mskimage[39;00m [38;5;28;01mimport[39;00m color
[1;32m      5[0m [38;5;28;01mfrom[39;00m [38;5;21;01mscipy[39;00m [38;5;28;01mimport[39;00m ndimage [38;5;28;01mas[39;00m ndi
[1;32m      6[0m [38;5;28;01mfrom[39;00m [38;5;21;01mmatplotlib[39;00m [38;5;28;01mimport[39;00m patches

[0;31mModuleNotFoundError[0m: No module named 'skimage'
ModuleNotFoundError: No module named 'skimage'

